[2025-05-13T18:24:09.720Z] POST - /auth/login
[2025-05-13T18:24:36.796Z] GET - /products/1
[2025-05-13T18:25:16.810Z] GET - /products/1
[2025-05-13T18:25:31.146Z] GET - /products/1
[2025-05-13T18:25:47.978Z] GET - /products/1
[2025-05-14T11:52:00.124Z] POST - /auth/login
[2025-05-14T11:52:01.481Z] POST - /auth/login
[2025-05-14T11:52:02.868Z] POST - /auth/login
[2025-05-14T11:52:04.151Z] POST - /auth/login
[2025-05-14T11:52:05.423Z] POST - /auth/login
[2025-05-14T11:52:06.747Z] POST - /auth/login
[2025-05-14T11:52:08.001Z] POST - /auth/login
[2025-05-14T11:52:09.242Z] POST - /auth/login
[2025-05-14T11:52:10.432Z] POST - /auth/login
[2025-05-14T11:52:11.688Z] POST - /auth/login
[2025-05-14T11:52:12.860Z] POST - /auth/login
[2025-05-14T11:52:14.295Z] POST - /auth/login
[2025-05-14T11:52:15.582Z] POST - /auth/login
[2025-05-14T11:52:16.820Z] POST - /auth/login
[2025-05-14T11:55:11.536Z] GET - /products/1
[2025-05-14T11:56:20.120Z] GET - /products/1
[2025-05-14T11:56:21.641Z] GET - /products/1
[2025-05-14T11:56:22.796Z] GET - /products/1
[2025-05-14T11:56:23.902Z] GET - /products/1
[2025-05-14T11:56:24.982Z] GET - /products/1
[2025-05-14T11:56:26.031Z] GET - /products/1
[2025-05-14T11:56:27.086Z] GET - /products/1
[2025-05-14T11:56:28.196Z] GET - /products/1
[2025-05-14T11:56:29.226Z] GET - /products/1
[2025-05-14T11:56:30.234Z] GET - /products/1
[2025-05-14T11:56:31.181Z] GET - /products/1
[2025-05-14T11:56:32.121Z] GET - /products/1
[2025-05-14T11:56:50.970Z] GET - /products/1
[2025-05-14T11:56:51.541Z] GET - /products/1
[2025-05-14T11:56:52.097Z] GET - /products/1
[2025-05-14T11:56:52.597Z] GET - /products/1
[2025-05-14T11:57:56.436Z] GET - /products/1
[2025-05-14T11:57:56.832Z] GET - /products/1
[2025-05-14T11:57:57.259Z] GET - /products/1
[2025-05-14T11:57:59.000Z] GET - /products/1
[2025-05-14T11:57:59.449Z] GET - /products/1
[2025-05-14T11:58:00.620Z] GET - /products/1
[2025-05-14T11:58:01.148Z] GET - /products/1
[2025-05-14T11:58:01.565Z] GET - /products/1
[2025-05-14T11:58:02.001Z] GET - /products/1
[2025-05-14T11:58:04.267Z] GET - /products/1
[2025-05-14T11:58:05.102Z] GET - /products/1
[2025-05-14T11:58:05.738Z] GET - /products/1
[2025-05-14T11:58:33.475Z] GET - /products/1
[2025-05-14T11:58:34.708Z] GET - /products/1
[2025-05-14T11:58:35.131Z] GET - /products/1
[2025-05-14T11:58:36.147Z] GET - /products/1
[2025-05-14T11:58:36.557Z] GET - /products/1
[2025-05-14T11:58:37.287Z] GET - /products/1
[2025-05-14T11:58:37.756Z] GET - /products/1
[2025-05-14T11:58:38.179Z] GET - /products/1
[2025-05-14T11:58:38.934Z] GET - /products/1
[2025-05-14T12:27:01.107Z] OPTIONS - /auth/login
[2025-05-14T12:27:11.621Z] OPTIONS - /auth/login
[2025-05-14T12:32:14.346Z] OPTIONS - /auth/login
[2025-05-14T12:32:14.360Z] POST - /auth/login
[2025-05-14T12:32:24.734Z] OPTIONS - /auth/login
[2025-05-14T12:32:24.737Z] POST - /auth/login
[2025-05-14T12:37:51.935Z] OPTIONS - /auth/login
[2025-05-14T12:37:51.938Z] POST - /auth/login
[2025-05-14T12:37:52.023Z] OPTIONS - /products
[2025-05-14T12:37:52.024Z] OPTIONS - /products
[2025-05-14T12:37:52.026Z] GET - /products
[2025-05-14T12:37:52.039Z] GET - /products
[2025-05-14T12:37:54.060Z] OPTIONS - /products/1
[2025-05-14T12:37:54.060Z] OPTIONS - /products/1
[2025-05-14T12:37:54.062Z] GET - /products/1
[2025-05-14T12:37:54.064Z] GET - /products/1
[2025-05-14T12:37:57.142Z] OPTIONS - /products
[2025-05-14T12:37:57.143Z] OPTIONS - /products
[2025-05-14T12:38:07.219Z] OPTIONS - /auth/login
[2025-05-14T12:38:31.936Z] OPTIONS - /auth/login
[2025-05-14T12:38:31.951Z] POST - /auth/login
[2025-05-14T12:38:32.045Z] OPTIONS - /products
[2025-05-14T12:38:32.047Z] OPTIONS - /products
[2025-05-14T12:38:32.048Z] GET - /products
[2025-05-14T12:38:32.060Z] GET - /products
[2025-05-14T12:38:33.448Z] OPTIONS - /products/2
[2025-05-14T12:38:33.449Z] OPTIONS - /products/2
[2025-05-14T12:38:33.451Z] GET - /products/2
[2025-05-14T12:38:33.454Z] GET - /products/2
[2025-05-14T12:39:29.155Z] OPTIONS - /auth/login
[2025-05-14T12:39:29.171Z] POST - /auth/login
[2025-05-14T12:39:29.291Z] OPTIONS - /products
[2025-05-14T12:39:29.292Z] OPTIONS - /products
[2025-05-14T12:39:29.294Z] GET - /products
[2025-05-14T12:39:29.304Z] GET - /products
[2025-05-14T12:39:31.381Z] OPTIONS - /products/1
[2025-05-14T12:39:31.382Z] OPTIONS - /products/1
[2025-05-14T12:39:31.384Z] GET - /products/1
[2025-05-14T12:39:31.387Z] GET - /products/1
[2025-05-14T12:42:20.752Z] OPTIONS - /products
[2025-05-14T12:42:20.754Z] OPTIONS - /products
[2025-05-14T12:42:20.755Z] GET - /products
[2025-05-14T12:42:20.763Z] GET - /products
[2025-05-14T12:42:22.836Z] OPTIONS - /products/1
[2025-05-14T12:42:22.837Z] OPTIONS - /products/1
[2025-05-14T12:42:22.839Z] GET - /products/1
[2025-05-14T12:42:22.840Z] GET - /products/1
[2025-05-14T12:42:24.440Z] GET - /products
[2025-05-14T12:42:24.449Z] GET - /products
[2025-05-14T12:42:25.867Z] OPTIONS - /products/3
[2025-05-14T12:42:25.868Z] OPTIONS - /products/3
